<?xml version="1.0" encoding="UTF-8"?>
<!-- Generated by org.testng.reporters.JUnitReportReporter -->
<testsuite hostname="DESKTOP-KV1TCAF" failures="0" tests="1" name="frameworkTechLead.Framework" time="2.939" errors="0" timestamp="2022-08-04T07:39:33 CDT" skipped="0">
  <testcase classname="frameworkTechLead.Framework" name="init" time="2.939"/>
  <system-out/>
</testsuite> <!-- frameworkTechLead.Framework -->
