<?xml version="1.0" encoding="UTF-8"?>
<!-- Generated by org.testng.reporters.JUnitReportReporter -->
<testsuite skipped="0" hostname="DESKTOP-KV1TCAF" name="frameworkTechLead.Framework" tests="1" failures="0" timestamp="2022-08-08T20:10:26 CDT" time="3.390" errors="0">
  <testcase name="init" time="3.390" classname="frameworkTechLead.Framework"/>
  <system-out/>
</testsuite> <!-- frameworkTechLead.Framework -->
